%!Adobe-FontList 1.18
%Locale:0x409

%BeginFont
Handler:DirectoryHandler
FontType:TrueType
FontName:Raleway-Bold
FamilyName:Raleway
StyleName:Bold
MenuName:Raleway
StyleBits:2
WeightClass:700
WidthClass:5
AngleClass:0
FullName:Raleway Bold
WritingScript:Roman
OutlineFileName:\Raleway-Bold.ttf
DataFormat:sfntData
hasSVG:no
FileLength:179244
FileModTime:1346976000
NameArray:0,Mac,4,Raleway Bold
NameArray:0,Win,1,Raleway
%EndFont

%BeginFont
Handler:DirectoryHandler
FontType:TrueType
FontName:Raleway-ExtraBoldItalic
FamilyName:Raleway
StyleName:ExtraBold Italic
MenuName:Raleway ExtraBold
StyleBits:1
WeightClass:800
WidthClass:5
AngleClass:1
FullName:Raleway ExtraBold Italic
WritingScript:Roman
OutlineFileName:\Raleway-ExtraBoldItalic.ttf
DataFormat:sfntData
hasSVG:no
FileLength:148100
FileModTime:1346976000
NameArray:0,Mac,4,Raleway ExtraBold Italic
NameArray:0,Win,1,Raleway ExtraBold
NameArray:0,Win,16,Raleway
%EndFont

%BeginFont
Handler:DirectoryHandler
FontType:TrueType
FontName:Raleway-Italic
FamilyName:Raleway
StyleName:Italic
MenuName:Raleway
StyleBits:1
WeightClass:400
WidthClass:5
AngleClass:1
FullName:Raleway Italic
WritingScript:Roman
OutlineFileName:\Raleway-Italic.ttf
DataFormat:sfntData
hasSVG:no
FileLength:145920
FileModTime:1346976000
NameArray:0,Mac,4,Raleway Italic
NameArray:0,Win,1,Raleway
%EndFont

%BeginFont
Handler:DirectoryHandler
FontType:TrueType
FontName:Raleway-Light
FamilyName:Raleway
StyleName:Light
MenuName:Raleway Light
StyleBits:0
WeightClass:300
WidthClass:5
AngleClass:0
FullName:Raleway Light
WritingScript:Roman
OutlineFileName:\Raleway-Light.ttf
DataFormat:sfntData
hasSVG:no
FileLength:182376
FileModTime:1346976000
NameArray:0,Mac,4,Raleway Light
NameArray:0,Win,1,Raleway Light
NameArray:0,Win,16,Raleway
%EndFont

%BeginFont
Handler:DirectoryHandler
FontType:TrueType
FontName:Raleway-Medium
FamilyName:Raleway
StyleName:Medium
MenuName:Raleway Medium
StyleBits:0
WeightClass:500
WidthClass:5
AngleClass:0
FullName:Raleway Medium
WritingScript:Roman
OutlineFileName:\Raleway-Medium.ttf
DataFormat:sfntData
hasSVG:no
FileLength:179444
FileModTime:1346976000
NameArray:0,Mac,4,Raleway Medium
NameArray:0,Win,1,Raleway Medium
NameArray:0,Win,16,Raleway
%EndFont

%BeginFont
Handler:DirectoryHandler
FontType:TrueType
FontName:Raleway-Regular
FamilyName:Raleway
StyleName:Regular
MenuName:Raleway
StyleBits:0
WeightClass:400
WidthClass:5
AngleClass:0
FullName:Raleway
WritingScript:Roman
OutlineFileName:\Raleway-Regular.ttf
DataFormat:sfntData
hasSVG:no
FileLength:178520
FileModTime:1346976000
NameArray:0,Mac,4,Raleway
NameArray:0,Win,1,Raleway
%EndFont

